<?xml version="1.0" encoding="UTF-8"?>
<!-- Generated by org.testng.reporters.JUnitXMLReporter -->
<testsuite ignored="4" hostname="LTIN591070" failures="0" tests="3" name="InsuranceTests" time="86.255" errors="0" timestamp="2025-10-17T13:46:23 IST">
  <testcase classname="tests.TravelInsuranceTest" name="testTravelInsurancePlans" time="21.952"/>
  <testcase classname="tests.CommercialInsuranceTest" name="testCarInsuranceSearch" time="5.107"/>
  <testcase classname="tests.HealthInsuranceTest" name="testHealthInsuranceSearch" time="11.829"/>
  <testcase classname="base.BaseTest" name="@AfterSuite reportTearDown" time="0.0">
    <ignored/>
  </testcase> <!-- @AfterSuite reportTearDown -->
  <testcase classname="base.BaseTest" name="@BeforeSuite reportSetup" time="0.0">
    <ignored/>
  </testcase> <!-- @BeforeSuite reportSetup -->
  <testcase classname="base.BaseTest" name="@AfterSuite reportTearDown" time="0.0">
    <ignored/>
  </testcase> <!-- @AfterSuite reportTearDown -->
  <testcase classname="base.BaseTest" name="@BeforeSuite reportSetup" time="0.0">
    <ignored/>
  </testcase> <!-- @BeforeSuite reportSetup -->
</testsuite> <!-- InsuranceTests -->
