<?xml version="1.0" encoding="UTF-8"?>
<testng-results ignored="0" total="1" passed="1" failed="0" skipped="0">
  <reporter-output>
  </reporter-output>
  <suite started-at="2025-10-21T09:11:57 IST" name="InsuranceAutomationSuite" finished-at="2025-10-21T09:12:29 IST" duration-ms="32059">
    <groups>
    </groups>
    <test started-at="2025-10-21T09:11:57 IST" name="InsuranceTests" finished-at="2025-10-21T09:12:29 IST" duration-ms="32059">
      <class name="tests.TravelInsuranceTest">
        <test-method is-config="true" signature="reportSetup()[pri:0, instance:tests.TravelInsuranceTest@704f1591]" started-at="2025-10-21T09:11:57 IST" name="reportSetup" finished-at="2025-10-21T09:11:57 IST" duration-ms="240" status="PASS">
          <reporter-output>
          </reporter-output>
        </test-method> <!-- reportSetup -->
        <test-method is-config="true" signature="testSetup()[pri:0, instance:tests.TravelInsuranceTest@704f1591]" started-at="2025-10-21T09:11:57 IST" name="testSetup" finished-at="2025-10-21T09:11:57 IST" duration-ms="5" status="PASS">
          <reporter-output>
          </reporter-output>
        </test-method> <!-- testSetup -->
        <test-method is-config="true" signature="browserSetup()[pri:0, instance:tests.TravelInsuranceTest@704f1591]" started-at="2025-10-21T09:11:57 IST" name="browserSetup" finished-at="2025-10-21T09:12:02 IST" duration-ms="5483" status="PASS">
          <reporter-output>
          </reporter-output>
        </test-method> <!-- browserSetup -->
        <test-method signature="testTravelInsurancePlans()[pri:1, instance:tests.TravelInsuranceTest@704f1591]" started-at="2025-10-21T09:12:02 IST" name="testTravelInsurancePlans" finished-at="2025-10-21T09:12:24 IST" duration-ms="21624" status="PASS">
          <reporter-output>
          </reporter-output>
        </test-method> <!-- testTravelInsurancePlans -->
        <test-method is-config="true" signature="teardown()[pri:0, instance:tests.TravelInsuranceTest@704f1591]" started-at="2025-10-21T09:12:24 IST" name="teardown" finished-at="2025-10-21T09:12:29 IST" duration-ms="4862" status="PASS">
          <reporter-output>
          </reporter-output>
        </test-method> <!-- teardown -->
        <test-method is-config="true" signature="reportTearDown()[pri:0, instance:tests.TravelInsuranceTest@704f1591]" started-at="2025-10-21T09:12:29 IST" name="reportTearDown" finished-at="2025-10-21T09:12:29 IST" duration-ms="439" status="PASS">
          <reporter-output>
          </reporter-output>
        </test-method> <!-- reportTearDown -->
      </class> <!-- tests.TravelInsuranceTest -->
    </test> <!-- InsuranceTests -->
  </suite> <!-- InsuranceAutomationSuite -->
</testng-results>
